<?xml version="1.0" encoding="UTF-8"?>
<coverage generated="1619243494227" clover="3.2.0">
  <project timestamp="1619243494227" name="All files">
    <metrics statements="35" coveredstatements="35" conditionals="38" coveredconditionals="34" methods="5" coveredmethods="5" elements="78" coveredelements="74" complexity="0" loc="35" ncloc="35" packages="1" files="3" classes="3"/>
    <file name="color-transform-target.ts" path="E:\work_space\respository\color-gradient-converter\src\color-transform-target.ts">
      <metrics statements="29" coveredstatements="29" conditionals="30" coveredconditionals="28" methods="3" coveredmethods="3"/>
      <line num="1" count="2" type="stmt"/>
      <line num="62" count="2" type="stmt"/>
      <line num="66" count="12" type="stmt"/>
      <line num="68" count="21" type="cond" truecount="2" falsecount="0"/>
      <line num="69" count="13" type="stmt"/>
      <line num="70" count="13" type="cond" truecount="2" falsecount="0"/>
      <line num="71" count="10" type="cond" truecount="4" falsecount="0"/>
      <line num="73" count="8" type="cond" truecount="2" falsecount="0"/>
      <line num="74" count="6" type="stmt"/>
      <line num="76" count="21" type="cond" truecount="2" falsecount="0"/>
      <line num="77" count="5" type="stmt"/>
      <line num="79" count="21" type="cond" truecount="4" falsecount="0"/>
      <line num="80" count="1" type="stmt"/>
      <line num="81" count="20" type="cond" truecount="4" falsecount="0"/>
      <line num="82" count="3" type="stmt"/>
      <line num="84" count="17" type="stmt"/>
      <line num="87" count="12" type="stmt"/>
      <line num="88" count="12" type="cond" truecount="2" falsecount="0"/>
      <line num="89" count="1" type="stmt"/>
      <line num="90" count="1" type="stmt"/>
      <line num="97" count="12" type="cond" truecount="2" falsecount="0"/>
      <line num="98" count="2" type="cond" truecount="1" falsecount="1"/>
      <line num="99" count="2" type="stmt"/>
      <line num="106" count="12" type="cond" truecount="1" falsecount="1"/>
      <line num="107" count="12" type="stmt"/>
      <line num="109" count="12" type="cond" truecount="2" falsecount="0"/>
      <line num="110" count="1" type="stmt"/>
      <line num="111" count="1" type="stmt"/>
      <line num="113" count="12" type="stmt"/>
    </file>
    <file name="index.ts" path="E:\work_space\respository\color-gradient-converter\src\index.ts">
      <metrics statements="2" coveredstatements="2" conditionals="0" coveredconditionals="0" methods="0" coveredmethods="0"/>
      <line num="1" count="2" type="stmt"/>
      <line num="2" count="2" type="stmt"/>
    </file>
    <file name="linear-gradient-converter.ts" path="E:\work_space\respository\color-gradient-converter\src\linear-gradient-converter.ts">
      <metrics statements="4" coveredstatements="4" conditionals="8" coveredconditionals="6" methods="2" coveredmethods="2"/>
      <line num="1" count="2" type="stmt"/>
      <line num="31" count="2" type="stmt"/>
      <line num="35" count="3" type="cond" truecount="3" falsecount="1"/>
      <line num="36" count="1" type="cond" truecount="3" falsecount="1"/>
    </file>
  </project>
</coverage>
