{"E:\\work_space\\respository\\color-gradient-converter\\src\\color-transform-target.ts": {"path":"E:\\work_space\\respository\\color-gradient-converter\\src\\color-transform-target.ts","statementMap":{"0":{"start":{"line":1,"column":0},"end":{"line":1,"column":56}},"1":{"start":{"line":66,"column":20},"end":{"line":86,"column":3}},"2":{"start":{"line":68,"column":4},"end":{"line":75,"column":null}},"3":{"start":{"line":69,"column":29},"end":{"line":69,"column":39}},"4":{"start":{"line":70,"column":6},"end":{"line":72,"column":null}},"5":{"start":{"line":71,"column":8},"end":{"line":71,"column":101}},"6":{"start":{"line":73,"column":11},"end":{"line":75,"column":null}},"7":{"start":{"line":74,"column":6},"end":{"line":74,"column":18}},"8":{"start":{"line":76,"column":4},"end":{"line":78,"column":null}},"9":{"start":{"line":77,"column":6},"end":{"line":77,"column":22}},"10":{"start":{"line":79,"column":4},"end":{"line":85,"column":null}},"11":{"start":{"line":80,"column":6},"end":{"line":80,"column":17}},"12":{"start":{"line":81,"column":11},"end":{"line":85,"column":null}},"13":{"start":{"line":82,"column":6},"end":{"line":82,"column":17}},"14":{"start":{"line":84,"column":6},"end":{"line":84,"column":20}},"15":{"start":{"line":87,"column":24},"end":{"line":87,"column":38}},"16":{"start":{"line":88,"column":2},"end":{"line":96,"column":null}},"17":{"start":{"line":89,"column":21},"end":{"line":89,"column":26}},"18":{"start":{"line":90,"column":4},"end":{"line":95,"column":6}},"19":{"start":{"line":97,"column":2},"end":{"line":105,"column":null}},"20":{"start":{"line":98,"column":21},"end":{"line":98,"column":44}},"21":{"start":{"line":99,"column":4},"end":{"line":104,"column":7}},"22":{"start":{"line":106,"column":2},"end":{"line":108,"column":null}},"23":{"start":{"line":107,"column":4},"end":{"line":107,"column":76}},"24":{"start":{"line":109,"column":2},"end":{"line":112,"column":null}},"25":{"start":{"line":110,"column":24},"end":{"line":110,"column":50}},"26":{"start":{"line":111,"column":4},"end":{"line":111,"column":77}},"27":{"start":{"line":111,"column":27},"end":{"line":111,"column":76}},"28":{"start":{"line":113,"column":2},"end":{"line":113,"column":15}},"29":{"start":{"line":62,"column":0},"end":{"line":62,"column":16}}},"fnMap":{"0":{"name":"transformColor","decl":{"start":{"line":62,"column":16},"end":{"line":62,"column":30}},"loc":{"start":{"line":64,"column":39},"end":{"line":114,"column":1}}},"1":{"name":"(anonymous_1)","decl":{"start":{"line":66,"column":20},"end":{"line":66,"column":21}},"loc":{"start":{"line":66,"column":104},"end":{"line":86,"column":3}}},"2":{"name":"(anonymous_2)","decl":{"start":{"line":111,"column":21},"end":{"line":111,"column":24}},"loc":{"start":{"line":111,"column":27},"end":{"line":111,"column":76}}}},"branchMap":{"0":{"loc":{"start":{"line":68,"column":4},"end":{"line":75,"column":null}},"type":"if","locations":[{"start":{"line":68,"column":4},"end":{"line":75,"column":null}},{"start":{"line":68,"column":4},"end":{"line":75,"column":null}}]},"1":{"loc":{"start":{"line":70,"column":6},"end":{"line":72,"column":null}},"type":"if","locations":[{"start":{"line":70,"column":6},"end":{"line":72,"column":null}},{"start":{"line":70,"column":6},"end":{"line":72,"column":null}}]},"2":{"loc":{"start":{"line":71,"column":60},"end":{"line":71,"column":83}},"type":"cond-expr","locations":[{"start":{"line":71,"column":60},"end":{"line":71,"column":83}},{"start":{"line":71,"column":86},"end":{"line":71,"column":100}}]},"3":{"loc":{"start":{"line":71,"column":17},"end":{"line":71,"column":35}},"type":"binary-expr","locations":[{"start":{"line":71,"column":17},"end":{"line":71,"column":35}},{"start":{"line":71,"column":39},"end":{"line":71,"column":57}}]},"4":{"loc":{"start":{"line":73,"column":11},"end":{"line":75,"column":null}},"type":"if","locations":[{"start":{"line":73,"column":11},"end":{"line":75,"column":null}},{"start":{"line":73,"column":11},"end":{"line":75,"column":null}}]},"5":{"loc":{"start":{"line":76,"column":4},"end":{"line":78,"column":null}},"type":"if","locations":[{"start":{"line":76,"column":4},"end":{"line":78,"column":null}},{"start":{"line":76,"column":4},"end":{"line":78,"column":null}}]},"6":{"loc":{"start":{"line":79,"column":4},"end":{"line":85,"column":null}},"type":"if","locations":[{"start":{"line":79,"column":4},"end":{"line":85,"column":null}},{"start":{"line":79,"column":4},"end":{"line":85,"column":null}}]},"7":{"loc":{"start":{"line":79,"column":8},"end":{"line":79,"column":25}},"type":"binary-expr","locations":[{"start":{"line":79,"column":8},"end":{"line":79,"column":25}},{"start":{"line":79,"column":29},"end":{"line":79,"column":41}}]},"8":{"loc":{"start":{"line":81,"column":11},"end":{"line":85,"column":null}},"type":"if","locations":[{"start":{"line":81,"column":11},"end":{"line":85,"column":null}},{"start":{"line":81,"column":11},"end":{"line":85,"column":null}}]},"9":{"loc":{"start":{"line":81,"column":15},"end":{"line":81,"column":32}},"type":"binary-expr","locations":[{"start":{"line":81,"column":15},"end":{"line":81,"column":32}},{"start":{"line":81,"column":36},"end":{"line":81,"column":48}}]},"10":{"loc":{"start":{"line":88,"column":2},"end":{"line":96,"column":null}},"type":"if","locations":[{"start":{"line":88,"column":2},"end":{"line":96,"column":null}},{"start":{"line":88,"column":2},"end":{"line":96,"column":null}}]},"11":{"loc":{"start":{"line":97,"column":2},"end":{"line":105,"column":null}},"type":"if","locations":[{"start":{"line":97,"column":2},"end":{"line":105,"column":null}},{"start":{"line":97,"column":2},"end":{"line":105,"column":null}}]},"12":{"loc":{"start":{"line":98,"column":25},"end":{"line":98,"column":30}},"type":"binary-expr","locations":[{"start":{"line":98,"column":25},"end":{"line":98,"column":30}},{"start":{"line":98,"column":34},"end":{"line":98,"column":43}}]},"13":{"loc":{"start":{"line":106,"column":2},"end":{"line":108,"column":null}},"type":"if","locations":[{"start":{"line":106,"column":2},"end":{"line":108,"column":null}},{"start":{"line":106,"column":2},"end":{"line":108,"column":null}}]},"14":{"loc":{"start":{"line":109,"column":2},"end":{"line":112,"column":null}},"type":"if","locations":[{"start":{"line":109,"column":2},"end":{"line":112,"column":null}},{"start":{"line":109,"column":2},"end":{"line":112,"column":null}}]}},"s":{"0":2,"1":12,"2":21,"3":13,"4":13,"5":10,"6":8,"7":6,"8":21,"9":5,"10":21,"11":1,"12":20,"13":3,"14":17,"15":12,"16":12,"17":1,"18":1,"19":12,"20":2,"21":2,"22":12,"23":12,"24":12,"25":1,"26":1,"27":1,"28":12,"29":2},"f":{"0":12,"1":21,"2":1},"b":{"0":[13,8],"1":[10,3],"2":[9,1],"3":[10,4],"4":[6,2],"5":[5,16],"6":[1,20],"7":[21,21],"8":[3,17],"9":[20,20],"10":[1,11],"11":[2,10],"12":[2,0],"13":[12,0],"14":[1,11]}}
,"E:\\work_space\\respository\\color-gradient-converter\\src\\index.ts": {"path":"E:\\work_space\\respository\\color-gradient-converter\\src\\index.ts","statementMap":{"0":{"start":{"line":1,"column":0},"end":{"line":1,"column":41}},"1":{"start":{"line":2,"column":0},"end":{"line":2,"column":44}}},"fnMap":{},"branchMap":{},"s":{"0":2,"1":2},"f":{},"b":{}}
,"E:\\work_space\\respository\\color-gradient-converter\\src\\linear-gradient-converter.ts": {"path":"E:\\work_space\\respository\\color-gradient-converter\\src\\linear-gradient-converter.ts","statementMap":{"0":{"start":{"line":1,"column":0},"end":{"line":1,"column":null}},"1":{"start":{"line":35,"column":18},"end":{"line":35,"column":103}},"2":{"start":{"line":35,"column":74},"end":{"line":35,"column":102}},"3":{"start":{"line":36,"column":2},"end":{"line":36,"column":82}},"4":{"start":{"line":31,"column":0},"end":{"line":31,"column":16}}},"fnMap":{"0":{"name":"colorToLinearGradient","decl":{"start":{"line":31,"column":16},"end":{"line":31,"column":37}},"loc":{"start":{"line":33,"column":46},"end":{"line":37,"column":1}}},"1":{"name":"(anonymous_1)","decl":{"start":{"line":35,"column":67},"end":{"line":35,"column":68}},"loc":{"start":{"line":35,"column":74},"end":{"line":35,"column":102}}}},"branchMap":{"0":{"loc":{"start":{"line":35,"column":61},"end":{"line":35,"column":63}},"type":"cond-expr","locations":[{"start":{"line":35,"column":61},"end":{"line":35,"column":63}},{"start":{"line":35,"column":61},"end":{"line":35,"column":103}}]},"1":{"loc":{"start":{"line":35,"column":18},"end":{"line":35,"column":63}},"type":"binary-expr","locations":[{"start":{"line":35,"column":18},"end":{"line":35,"column":63}},{"start":{"line":35,"column":61},"end":{"line":35,"column":63}}]},"2":{"loc":{"start":{"line":36,"column":66},"end":{"line":36,"column":68}},"type":"cond-expr","locations":[{"start":{"line":36,"column":66},"end":{"line":36,"column":68}},{"start":{"line":36,"column":56},"end":{"line":36,"column":78}}]},"3":{"loc":{"start":{"line":36,"column":56},"end":{"line":36,"column":68}},"type":"binary-expr","locations":[{"start":{"line":36,"column":56},"end":{"line":36,"column":68}},{"start":{"line":36,"column":56},"end":{"line":36,"column":68}}]}},"s":{"0":2,"1":1,"2":3,"3":1,"4":2},"f":{"0":1,"1":3},"b":{"0":[0,1],"1":[1,1],"2":[0,1],"3":[1,1]}}
}
