TN:
SF:src\color-transform-target.ts
FN:62,transformColor
FN:66,(anonymous_1)
FN:111,(anonymous_2)
FNF:3
FNH:3
FNDA:12,transformColor
FNDA:21,(anonymous_1)
FNDA:1,(anonymous_2)
DA:1,2
DA:62,2
DA:66,12
DA:68,21
DA:69,13
DA:70,13
DA:71,10
DA:73,8
DA:74,6
DA:76,21
DA:77,5
DA:79,21
DA:80,1
DA:81,20
DA:82,3
DA:84,17
DA:87,12
DA:88,12
DA:89,1
DA:90,1
DA:97,12
DA:98,2
DA:99,2
DA:106,12
DA:107,12
DA:109,12
DA:110,1
DA:111,1
DA:113,12
LF:29
LH:29
BRDA:68,0,0,13
BRDA:68,0,1,8
BRDA:70,1,0,10
BRDA:70,1,1,3
BRDA:71,2,0,9
BRDA:71,2,1,1
BRDA:71,3,0,10
BRDA:71,3,1,4
BRDA:73,4,0,6
BRDA:73,4,1,2
BRDA:76,5,0,5
BRDA:76,5,1,16
BRDA:79,6,0,1
BRDA:79,6,1,20
BRDA:79,7,0,21
BRDA:79,7,1,21
BRDA:81,8,0,3
BRDA:81,8,1,17
BRDA:81,9,0,20
BRDA:81,9,1,20
BRDA:88,10,0,1
BRDA:88,10,1,11
BRDA:97,11,0,2
BRDA:97,11,1,10
BRDA:98,12,0,2
BRDA:98,12,1,0
BRDA:106,13,0,12
BRDA:106,13,1,0
BRDA:109,14,0,1
BRDA:109,14,1,11
BRF:30
BRH:28
end_of_record
TN:
SF:src\index.ts
FNF:0
FNH:0
DA:1,2
DA:2,2
LF:2
LH:2
BRF:0
BRH:0
end_of_record
TN:
SF:src\linear-gradient-converter.ts
FN:31,colorToLinearGradient
FN:35,(anonymous_1)
FNF:2
FNH:2
FNDA:1,colorToLinearGradient
FNDA:3,(anonymous_1)
DA:1,2
DA:31,2
DA:35,3
DA:36,1
LF:4
LH:4
BRDA:35,0,0,0
BRDA:35,0,1,1
BRDA:35,1,0,1
BRDA:35,1,1,1
BRDA:36,2,0,0
BRDA:36,2,1,1
BRDA:36,3,0,1
BRDA:36,3,1,1
BRF:8
BRH:6
end_of_record
